<?xml version="1.0" encoding="UTF-8"?>
<testsuite name="com.forkprint.app.domain.usecase.CalculateAnalyticsTest" tests="2" skipped="0" failures="0" errors="0" timestamp="2026-06-30T06:02:36" hostname="MIHIR" time="0.001">
  <properties/>
  <testcase name="returnsNullAverageAndTopRestaurantWhenNoVisitsExist" classname="com.forkprint.app.domain.usecase.CalculateAnalyticsTest" time="0.001"/>
  <testcase name="calculatesVisitCountsUniqueRestaurantsAndAverageRating" classname="com.forkprint.app.domain.usecase.CalculateAnalyticsTest" time="0.0"/>
  <system-out><![CDATA[]]></system-out>
  <system-err><![CDATA[]]></system-err>
</testsuite>
