<?xml version="1.0" encoding="UTF-8"?>
<testsuite name="com.forkprint.app.location.VisitDetectionSessionTest" tests="2" skipped="0" failures="0" errors="0" timestamp="2026-06-30T06:02:36" hostname="MIHIR" time="0.011">
  <properties/>
  <testcase name="emitsDetectedRestaurantOnlyAfterEnoughDwellTime" classname="com.forkprint.app.location.VisitDetectionSessionTest" time="0.01"/>
  <testcase name="doesNotEmitDuplicateDetectionForSamePlaceSession" classname="com.forkprint.app.location.VisitDetectionSessionTest" time="0.0"/>
  <system-out><![CDATA[]]></system-out>
  <system-err><![CDATA[]]></system-err>
</testsuite>
