<?xml version="1.0" encoding="UTF-8"?>
<testsuite name="com.forkprint.app.location.VisitDetectionEngineTest" tests="2" skipped="0" failures="0" errors="0" timestamp="2026-06-30T06:02:36" hostname="MIHIR" time="0.001">
  <properties/>
  <testcase name="marksRestaurantCandidateAsVisitWhenDwellTimeIsLongEnough" classname="com.forkprint.app.location.VisitDetectionEngineTest" time="0.001"/>
  <testcase name="rejectsShortStopsEvenWhenTheyAreNearARestaurant" classname="com.forkprint.app.location.VisitDetectionEngineTest" time="0.0"/>
  <system-out><![CDATA[]]></system-out>
  <system-err><![CDATA[]]></system-err>
</testsuite>
